<?xml version="1.0" encoding="UTF-8"?>
<coverage generated="1536401729562" clover="3.2.0">
  <project timestamp="1536401729562" name="All files">
    <metrics statements="83" coveredstatements="83" conditionals="54" coveredconditionals="54" methods="8" coveredmethods="8" elements="145" coveredelements="145" complexity="0" loc="83" ncloc="83" packages="1" files="3" classes="3">
      <file name="EquationTree.ts" path="/Users/fermi_dirac/Projects/symbolic-calculus/src/EquationTree.ts">
        <metrics statements="48" coveredstatements="48" conditionals="36" coveredconditionals="36" methods="7" coveredmethods="7"/>
        <line num="12" count="88" type="stmt"/>
        <line num="13" count="88" type="cond" truecount="2" falsecount="0"/>
        <line num="14" count="88" type="cond" truecount="2" falsecount="0"/>
        <line num="18" count="7" type="stmt"/>
        <line num="29" count="7" type="stmt"/>
        <line num="36" count="57" type="stmt"/>
        <line num="38" count="57" type="stmt"/>
        <line num="43" count="5" type="stmt"/>
        <line num="45" count="5" type="stmt"/>
        <line num="50" count="69" type="stmt"/>
        <line num="52" count="69" type="stmt"/>
        <line num="54" count="69" type="cond" truecount="2" falsecount="0"/>
        <line num="55" count="26" type="stmt"/>
        <line num="57" count="26" type="stmt"/>
        <line num="59" count="26" type="cond" truecount="2" falsecount="0"/>
        <line num="60" count="1" type="stmt"/>
        <line num="63" count="26" type="stmt"/>
        <line num="65" count="26" type="cond" truecount="2" falsecount="0"/>
        <line num="66" count="1" type="stmt"/>
        <line num="70" count="69" type="cond" truecount="2" falsecount="0"/>
        <line num="71" count="25" type="stmt"/>
        <line num="73" count="25" type="stmt"/>
        <line num="75" count="25" type="cond" truecount="2" falsecount="0"/>
        <line num="76" count="7" type="stmt"/>
        <line num="79" count="25" type="stmt"/>
        <line num="81" count="25" type="cond" truecount="2" falsecount="0"/>
        <line num="82" count="7" type="stmt"/>
        <line num="86" count="69" type="stmt"/>
        <line num="91" count="73" type="cond" truecount="2" falsecount="0"/>
        <line num="96" count="7" type="stmt"/>
        <line num="101" count="19" type="cond" truecount="2" falsecount="0"/>
        <line num="102" count="11" type="cond" truecount="2" falsecount="0"/>
        <line num="103" count="3" type="stmt"/>
        <line num="104" count="8" type="cond" truecount="2" falsecount="0"/>
        <line num="105" count="1" type="stmt"/>
        <line num="108" count="7" type="stmt"/>
        <line num="111" count="8" type="stmt"/>
        <line num="112" count="8" type="cond" truecount="2" falsecount="0"/>
        <line num="114" count="8" type="stmt"/>
        <line num="116" count="1" type="stmt"/>
        <line num="118" count="1" type="stmt"/>
        <line num="120" count="1" type="stmt"/>
        <line num="122" count="1" type="stmt"/>
        <line num="124" count="1" type="stmt"/>
        <line num="126" count="1" type="stmt"/>
        <line num="128" count="1" type="stmt"/>
        <line num="130" count="1" type="stmt"/>
        <line num="135" count="7" type="stmt"/>
      </file>
      <file name="createEquation.ts" path="/Users/fermi_dirac/Projects/symbolic-calculus/src/createEquation.ts">
        <metrics statements="32" coveredstatements="32" conditionals="18" coveredconditionals="18" methods="1" coveredmethods="1"/>
        <line num="1" count="7" type="stmt"/>
        <line num="6" count="85" type="stmt"/>
        <line num="8" count="85" type="cond" truecount="2" falsecount="0"/>
        <line num="9" count="14" type="stmt"/>
        <line num="12" count="85" type="stmt"/>
        <line num="13" count="85" type="stmt"/>
        <line num="15" count="85" type="stmt"/>
        <line num="16" count="245" type="stmt"/>
        <line num="18" count="245" type="cond" truecount="2" falsecount="0"/>
        <line num="19" count="61" type="stmt"/>
        <line num="20" count="184" type="cond" truecount="2" falsecount="0"/>
        <line num="21" count="10" type="stmt"/>
        <line num="22" count="10" type="stmt"/>
        <line num="24" count="10" type="cond" truecount="2" falsecount="0"/>
        <line num="25" count="78" type="stmt"/>
        <line num="26" count="78" type="stmt"/>
        <line num="28" count="78" type="cond" truecount="2" falsecount="0"/>
        <line num="29" count="3" type="stmt"/>
        <line num="30" count="75" type="cond" truecount="2" falsecount="0"/>
        <line num="31" count="13" type="stmt"/>
        <line num="34" count="78" type="stmt"/>
        <line num="38" count="174" type="stmt"/>
        <line num="41" count="245" type="stmt"/>
        <line num="44" count="85" type="cond" truecount="2" falsecount="0"/>
        <line num="45" count="52" type="stmt"/>
        <line num="47" count="52" type="cond" truecount="2" falsecount="0"/>
        <line num="48" count="20" type="stmt"/>
        <line num="51" count="32" type="stmt"/>
        <line num="53" count="33" type="cond" truecount="2" falsecount="0"/>
        <line num="54" count="5" type="stmt"/>
        <line num="60" count="28" type="stmt"/>
        <line num="68" count="7" type="stmt"/>
      </file>
      <file name="index.ts" path="/Users/fermi_dirac/Projects/symbolic-calculus/src/index.ts">
        <metrics statements="3" coveredstatements="3" conditionals="0" coveredconditionals="0" methods="0" coveredmethods="0"/>
        <line num="40" count="7" type="stmt"/>
        <line num="41" count="7" type="stmt"/>
        <line num="45" count="7" type="stmt"/>
      </file>
    </metrics>
  </project>
</coverage>
