<?xml version="1.0" encoding="UTF-8"?>
<coverage generated="1536403514755" clover="3.2.0">
  <project timestamp="1536403514755" name="All files">
    <metrics statements="119" coveredstatements="119" conditionals="110" coveredconditionals="109" methods="9" coveredmethods="9" elements="238" coveredelements="237" complexity="0" loc="119" ncloc="119" packages="1" files="3" classes="3">
      <file name="EquationTree.ts" path="/Users/fermi_dirac/Projects/symbolic-calculus/src/EquationTree.ts">
        <metrics statements="84" coveredstatements="84" conditionals="92" coveredconditionals="91" methods="8" coveredmethods="8"/>
        <line num="12" count="131" type="stmt"/>
        <line num="13" count="131" type="cond" truecount="2" falsecount="0"/>
        <line num="14" count="131" type="cond" truecount="2" falsecount="0"/>
        <line num="18" count="8" type="stmt"/>
        <line num="29" count="8" type="stmt"/>
        <line num="36" count="87" type="stmt"/>
        <line num="38" count="87" type="stmt"/>
        <line num="43" count="5" type="stmt"/>
        <line num="45" count="5" type="stmt"/>
        <line num="50" count="93" type="stmt"/>
        <line num="52" count="93" type="stmt"/>
        <line num="54" count="93" type="cond" truecount="2" falsecount="0"/>
        <line num="55" count="28" type="stmt"/>
        <line num="57" count="28" type="stmt"/>
        <line num="59" count="28" type="cond" truecount="2" falsecount="0"/>
        <line num="60" count="1" type="stmt"/>
        <line num="63" count="28" type="stmt"/>
        <line num="65" count="28" type="cond" truecount="2" falsecount="0"/>
        <line num="66" count="1" type="stmt"/>
        <line num="70" count="93" type="cond" truecount="2" falsecount="0"/>
        <line num="71" count="27" type="stmt"/>
        <line num="73" count="27" type="stmt"/>
        <line num="75" count="27" type="cond" truecount="2" falsecount="0"/>
        <line num="76" count="7" type="stmt"/>
        <line num="79" count="27" type="stmt"/>
        <line num="81" count="27" type="cond" truecount="2" falsecount="0"/>
        <line num="82" count="7" type="stmt"/>
        <line num="86" count="93" type="stmt"/>
        <line num="91" count="77" type="cond" truecount="2" falsecount="0"/>
        <line num="96" count="17" type="stmt"/>
        <line num="101" count="19" type="cond" truecount="2" falsecount="0"/>
        <line num="102" count="11" type="cond" truecount="2" falsecount="0"/>
        <line num="103" count="3" type="stmt"/>
        <line num="104" count="8" type="cond" truecount="2" falsecount="0"/>
        <line num="105" count="1" type="stmt"/>
        <line num="108" count="7" type="stmt"/>
        <line num="111" count="8" type="cond" truecount="1" falsecount="1"/>
        <line num="112" count="8" type="cond" truecount="2" falsecount="0"/>
        <line num="114" count="8" type="stmt"/>
        <line num="116" count="1" type="stmt"/>
        <line num="118" count="1" type="stmt"/>
        <line num="120" count="1" type="stmt"/>
        <line num="122" count="1" type="stmt"/>
        <line num="124" count="1" type="stmt"/>
        <line num="126" count="1" type="stmt"/>
        <line num="128" count="1" type="stmt"/>
        <line num="130" count="1" type="stmt"/>
        <line num="136" count="31" type="cond" truecount="2" falsecount="0"/>
        <line num="137" count="12" type="stmt"/>
        <line num="140" count="31" type="cond" truecount="2" falsecount="0"/>
        <line num="141" count="9" type="stmt"/>
        <line num="144" count="31" type="cond" truecount="7" falsecount="0"/>
        <line num="148" count="2" type="stmt"/>
        <line num="149" count="2" type="stmt"/>
        <line num="150" count="2" type="stmt"/>
        <line num="152" count="29" type="cond" truecount="7" falsecount="0"/>
        <line num="156" count="1" type="stmt"/>
        <line num="157" count="1" type="stmt"/>
        <line num="158" count="1" type="stmt"/>
        <line num="159" count="28" type="cond" truecount="7" falsecount="0"/>
        <line num="163" count="3" type="stmt"/>
        <line num="164" count="3" type="stmt"/>
        <line num="165" count="3" type="stmt"/>
        <line num="166" count="25" type="cond" truecount="7" falsecount="0"/>
        <line num="170" count="1" type="stmt"/>
        <line num="171" count="1" type="stmt"/>
        <line num="172" count="1" type="stmt"/>
        <line num="173" count="24" type="cond" truecount="7" falsecount="0"/>
        <line num="177" count="1" type="stmt"/>
        <line num="178" count="1" type="stmt"/>
        <line num="179" count="1" type="stmt"/>
        <line num="180" count="23" type="cond" truecount="5" falsecount="0"/>
        <line num="183" count="1" type="stmt"/>
        <line num="184" count="1" type="stmt"/>
        <line num="185" count="1" type="stmt"/>
        <line num="186" count="22" type="cond" truecount="5" falsecount="0"/>
        <line num="189" count="1" type="stmt"/>
        <line num="190" count="1" type="stmt"/>
        <line num="191" count="1" type="stmt"/>
        <line num="192" count="21" type="cond" truecount="5" falsecount="0"/>
        <line num="195" count="1" type="stmt"/>
        <line num="196" count="1" type="stmt"/>
        <line num="197" count="1" type="stmt"/>
        <line num="202" count="8" type="stmt"/>
      </file>
      <file name="createEquation.ts" path="/Users/fermi_dirac/Projects/symbolic-calculus/src/createEquation.ts">
        <metrics statements="32" coveredstatements="32" conditionals="18" coveredconditionals="18" methods="1" coveredmethods="1"/>
        <line num="1" count="8" type="stmt"/>
        <line num="6" count="128" type="stmt"/>
        <line num="8" count="128" type="cond" truecount="2" falsecount="0"/>
        <line num="9" count="16" type="stmt"/>
        <line num="12" count="128" type="stmt"/>
        <line num="13" count="128" type="stmt"/>
        <line num="15" count="128" type="stmt"/>
        <line num="16" count="346" type="stmt"/>
        <line num="18" count="346" type="cond" truecount="2" falsecount="0"/>
        <line num="19" count="84" type="stmt"/>
        <line num="20" count="262" type="cond" truecount="2" falsecount="0"/>
        <line num="21" count="12" type="stmt"/>
        <line num="22" count="12" type="stmt"/>
        <line num="24" count="12" type="cond" truecount="2" falsecount="0"/>
        <line num="25" count="90" type="stmt"/>
        <line num="26" count="90" type="stmt"/>
        <line num="28" count="90" type="cond" truecount="2" falsecount="0"/>
        <line num="29" count="3" type="stmt"/>
        <line num="30" count="87" type="cond" truecount="2" falsecount="0"/>
        <line num="31" count="15" type="stmt"/>
        <line num="34" count="90" type="stmt"/>
        <line num="38" count="250" type="stmt"/>
        <line num="41" count="346" type="stmt"/>
        <line num="44" count="128" type="cond" truecount="2" falsecount="0"/>
        <line num="45" count="82" type="stmt"/>
        <line num="47" count="82" type="cond" truecount="2" falsecount="0"/>
        <line num="48" count="22" type="stmt"/>
        <line num="51" count="60" type="stmt"/>
        <line num="53" count="46" type="cond" truecount="2" falsecount="0"/>
        <line num="54" count="8" type="stmt"/>
        <line num="60" count="38" type="stmt"/>
        <line num="68" count="8" type="stmt"/>
      </file>
      <file name="index.ts" path="/Users/fermi_dirac/Projects/symbolic-calculus/src/index.ts">
        <metrics statements="3" coveredstatements="3" conditionals="0" coveredconditionals="0" methods="0" coveredmethods="0"/>
        <line num="1" count="8" type="stmt"/>
        <line num="2" count="8" type="stmt"/>
        <line num="4" count="8" type="stmt"/>
      </file>
    </metrics>
  </project>
</coverage>
