{"/Users/fermi_dirac/Projects/symbolic-calculus/src/EquationTree.ts": {"path":"/Users/fermi_dirac/Projects/symbolic-calculus/src/EquationTree.ts","statementMap":{"0":{"start":{"line":12,"column":4},"end":{"line":12,"column":23}},"1":{"start":{"line":13,"column":4},"end":{"line":13,"column":29}},"2":{"start":{"line":14,"column":4},"end":{"line":14,"column":31}},"3":{"start":{"line":36,"column":22},"end":{"line":36,"column":59}},"4":{"start":{"line":38,"column":4},"end":{"line":38,"column":44}},"5":{"start":{"line":43,"column":23},"end":{"line":43,"column":61}},"6":{"start":{"line":45,"column":4},"end":{"line":45,"column":45}},"7":{"start":{"line":50,"column":19},"end":{"line":50,"column":21}},"8":{"start":{"line":52,"column":4},"end":{"line":52,"column":27}},"9":{"start":{"line":54,"column":4},"end":{"line":68,"column":5}},"10":{"start":{"line":55,"column":6},"end":{"line":55,"column":22}},"11":{"start":{"line":57,"column":25},"end":{"line":57,"column":43}},"12":{"start":{"line":59,"column":6},"end":{"line":61,"column":7}},"13":{"start":{"line":60,"column":8},"end":{"line":60,"column":24}},"14":{"start":{"line":63,"column":6},"end":{"line":63,"column":39}},"15":{"start":{"line":65,"column":6},"end":{"line":67,"column":7}},"16":{"start":{"line":66,"column":8},"end":{"line":66,"column":24}},"17":{"start":{"line":70,"column":4},"end":{"line":84,"column":5}},"18":{"start":{"line":71,"column":6},"end":{"line":71,"column":22}},"19":{"start":{"line":73,"column":26},"end":{"line":73,"column":45}},"20":{"start":{"line":75,"column":6},"end":{"line":77,"column":7}},"21":{"start":{"line":76,"column":8},"end":{"line":76,"column":24}},"22":{"start":{"line":79,"column":6},"end":{"line":79,"column":40}},"23":{"start":{"line":81,"column":6},"end":{"line":83,"column":7}},"24":{"start":{"line":82,"column":8},"end":{"line":82,"column":24}},"25":{"start":{"line":86,"column":4},"end":{"line":86,"column":20}},"26":{"start":{"line":91,"column":4},"end":{"line":91,"column":53}},"27":{"start":{"line":18,"column":9},"end":{"line":27,"column":3}},"28":{"start":{"line":29,"column":9},"end":{"line":32,"column":3}},"29":{"start":{"line":98,"column":0},"end":{"line":98,"column":28}}},"fnMap":{"0":{"name":"(anonymous_0)","decl":{"start":{"line":7,"column":2},"end":{"line":8,"column":3}},"loc":{"start":{"line":10,"column":31},"end":{"line":15,"column":3}}},"1":{"name":"(anonymous_1)","decl":{"start":{"line":35,"column":2},"end":{"line":35,"column":7}},"loc":{"start":{"line":35,"column":31},"end":{"line":39,"column":3}}},"2":{"name":"(anonymous_2)","decl":{"start":{"line":42,"column":2},"end":{"line":42,"column":7}},"loc":{"start":{"line":42,"column":31},"end":{"line":46,"column":3}}},"3":{"name":"(anonymous_3)","decl":{"start":{"line":49,"column":2},"end":{"line":49,"column":9}},"loc":{"start":{"line":49,"column":10},"end":{"line":87,"column":3}}},"4":{"name":"(anonymous_4)","decl":{"start":{"line":90,"column":2},"end":{"line":90,"column":7}},"loc":{"start":{"line":90,"column":8},"end":{"line":92,"column":3}}}},"branchMap":{"0":{"loc":{"start":{"line":13,"column":16},"end":{"line":13,"column":20}},"type":"binary-expr","locations":[{"start":{"line":13,"column":16},"end":{"line":13,"column":20}},{"start":{"line":13,"column":24},"end":{"line":13,"column":28}}]},"1":{"loc":{"start":{"line":14,"column":17},"end":{"line":14,"column":22}},"type":"binary-expr","locations":[{"start":{"line":14,"column":17},"end":{"line":14,"column":22}},{"start":{"line":14,"column":26},"end":{"line":14,"column":30}}]},"2":{"loc":{"start":{"line":54,"column":4},"end":{"line":68,"column":5}},"type":"if","locations":[{"start":{"line":54,"column":4},"end":{"line":68,"column":5}},{"start":{"line":54,"column":4},"end":{"line":68,"column":5}}]},"3":{"loc":{"start":{"line":59,"column":6},"end":{"line":61,"column":7}},"type":"if","locations":[{"start":{"line":59,"column":6},"end":{"line":61,"column":7}},{"start":{"line":59,"column":6},"end":{"line":61,"column":7}}]},"4":{"loc":{"start":{"line":65,"column":6},"end":{"line":67,"column":7}},"type":"if","locations":[{"start":{"line":65,"column":6},"end":{"line":67,"column":7}},{"start":{"line":65,"column":6},"end":{"line":67,"column":7}}]},"5":{"loc":{"start":{"line":70,"column":4},"end":{"line":84,"column":5}},"type":"if","locations":[{"start":{"line":70,"column":4},"end":{"line":84,"column":5}},{"start":{"line":70,"column":4},"end":{"line":84,"column":5}}]},"6":{"loc":{"start":{"line":75,"column":6},"end":{"line":77,"column":7}},"type":"if","locations":[{"start":{"line":75,"column":6},"end":{"line":77,"column":7}},{"start":{"line":75,"column":6},"end":{"line":77,"column":7}}]},"7":{"loc":{"start":{"line":81,"column":6},"end":{"line":83,"column":7}},"type":"if","locations":[{"start":{"line":81,"column":6},"end":{"line":83,"column":7}},{"start":{"line":81,"column":6},"end":{"line":83,"column":7}}]},"8":{"loc":{"start":{"line":91,"column":11},"end":{"line":91,"column":29}},"type":"binary-expr","locations":[{"start":{"line":91,"column":11},"end":{"line":91,"column":29}},{"start":{"line":91,"column":33},"end":{"line":91,"column":52}}]}},"s":{"0":30,"1":30,"2":30,"3":23,"4":23,"5":5,"6":5,"7":17,"8":17,"9":17,"10":7,"11":7,"12":7,"13":1,"14":7,"15":7,"16":1,"17":17,"18":6,"19":6,"20":6,"21":2,"22":6,"23":6,"24":2,"25":17,"26":16,"27":5,"28":5,"29":5},"f":{"0":30,"1":23,"2":5,"3":17,"4":16},"b":{"0":[30,18],"1":[30,20],"2":[7,10],"3":[1,6],"4":[1,6],"5":[6,11],"6":[2,4],"7":[2,4],"8":[16,11]}}
,"/Users/fermi_dirac/Projects/symbolic-calculus/src/createEquation.ts": {"path":"/Users/fermi_dirac/Projects/symbolic-calculus/src/createEquation.ts","statementMap":{"0":{"start":{"line":1,"column":0},"end":{"line":1,"column":41}},"1":{"start":{"line":6,"column":2},"end":{"line":6,"column":41}},"2":{"start":{"line":8,"column":2},"end":{"line":10,"column":3}},"3":{"start":{"line":9,"column":4},"end":{"line":9,"column":76}},"4":{"start":{"line":12,"column":22},"end":{"line":12,"column":26}},"5":{"start":{"line":13,"column":10},"end":{"line":13,"column":11}},"6":{"start":{"line":15,"column":2},"end":{"line":42,"column":3}},"7":{"start":{"line":16,"column":15},"end":{"line":16,"column":32}},"8":{"start":{"line":18,"column":4},"end":{"line":39,"column":5}},"9":{"start":{"line":19,"column":6},"end":{"line":19,"column":29}},"10":{"start":{"line":20,"column":11},"end":{"line":39,"column":5}},"11":{"start":{"line":21,"column":23},"end":{"line":21,"column":24}},"12":{"start":{"line":22,"column":6},"end":{"line":22,"column":51}},"13":{"start":{"line":24,"column":6},"end":{"line":35,"column":7}},"14":{"start":{"line":25,"column":8},"end":{"line":25,"column":15}},"15":{"start":{"line":26,"column":8},"end":{"line":26,"column":33}},"16":{"start":{"line":28,"column":8},"end":{"line":32,"column":9}},"17":{"start":{"line":29,"column":10},"end":{"line":29,"column":26}},"18":{"start":{"line":30,"column":15},"end":{"line":32,"column":9}},"19":{"start":{"line":31,"column":10},"end":{"line":31,"column":26}},"20":{"start":{"line":34,"column":8},"end":{"line":34,"column":56}},"21":{"start":{"line":38,"column":6},"end":{"line":38,"column":54}},"22":{"start":{"line":41,"column":4},"end":{"line":41,"column":11}},"23":{"start":{"line":44,"column":2},"end":{"line":65,"column":3}},"24":{"start":{"line":45,"column":18},"end":{"line":45,"column":34}},"25":{"start":{"line":47,"column":4},"end":{"line":49,"column":5}},"26":{"start":{"line":48,"column":6},"end":{"line":48,"column":37}},"27":{"start":{"line":51,"column":4},"end":{"line":51,"column":47}},"28":{"start":{"line":53,"column":9},"end":{"line":65,"column":3}},"29":{"start":{"line":54,"column":4},"end":{"line":57,"column":6}},"30":{"start":{"line":60,"column":4},"end":{"line":64,"column":6}},"31":{"start":{"line":68,"column":0},"end":{"line":68,"column":30}}},"fnMap":{"0":{"name":"createEquation","decl":{"start":{"line":5,"column":9},"end":{"line":5,"column":23}},"loc":{"start":{"line":5,"column":46},"end":{"line":66,"column":1}}}},"branchMap":{"0":{"loc":{"start":{"line":8,"column":2},"end":{"line":10,"column":3}},"type":"if","locations":[{"start":{"line":8,"column":2},"end":{"line":10,"column":3}},{"start":{"line":8,"column":2},"end":{"line":10,"column":3}}]},"1":{"loc":{"start":{"line":18,"column":4},"end":{"line":39,"column":5}},"type":"if","locations":[{"start":{"line":18,"column":4},"end":{"line":39,"column":5}},{"start":{"line":18,"column":4},"end":{"line":39,"column":5}}]},"2":{"loc":{"start":{"line":20,"column":11},"end":{"line":39,"column":5}},"type":"if","locations":[{"start":{"line":20,"column":11},"end":{"line":39,"column":5}},{"start":{"line":20,"column":11},"end":{"line":39,"column":5}}]},"3":{"loc":{"start":{"line":24,"column":13},"end":{"line":24,"column":38}},"type":"binary-expr","locations":[{"start":{"line":24,"column":13},"end":{"line":24,"column":38}},{"start":{"line":24,"column":42},"end":{"line":24,"column":56}}]},"4":{"loc":{"start":{"line":28,"column":8},"end":{"line":32,"column":9}},"type":"if","locations":[{"start":{"line":28,"column":8},"end":{"line":32,"column":9}},{"start":{"line":28,"column":8},"end":{"line":32,"column":9}}]},"5":{"loc":{"start":{"line":30,"column":15},"end":{"line":32,"column":9}},"type":"if","locations":[{"start":{"line":30,"column":15},"end":{"line":32,"column":9}},{"start":{"line":30,"column":15},"end":{"line":32,"column":9}}]},"6":{"loc":{"start":{"line":44,"column":2},"end":{"line":65,"column":3}},"type":"if","locations":[{"start":{"line":44,"column":2},"end":{"line":65,"column":3}},{"start":{"line":44,"column":2},"end":{"line":65,"column":3}}]},"7":{"loc":{"start":{"line":47,"column":4},"end":{"line":49,"column":5}},"type":"if","locations":[{"start":{"line":47,"column":4},"end":{"line":49,"column":5}},{"start":{"line":47,"column":4},"end":{"line":49,"column":5}}]},"8":{"loc":{"start":{"line":53,"column":9},"end":{"line":65,"column":3}},"type":"if","locations":[{"start":{"line":53,"column":9},"end":{"line":65,"column":3}},{"start":{"line":53,"column":9},"end":{"line":65,"column":3}}]}},"s":{"0":5,"1":30,"2":30,"3":9,"4":30,"5":30,"6":30,"7":78,"8":78,"9":22,"10":56,"11":5,"12":5,"13":5,"14":42,"15":42,"16":42,"17":2,"18":40,"19":7,"20":42,"21":51,"22":78,"23":30,"24":18,"25":18,"26":6,"27":12,"28":12,"29":2,"30":10,"31":5},"f":{"0":30},"b":{"0":[9,21],"1":[22,56],"2":[5,51],"3":[47,47],"4":[2,40],"5":[7,33],"6":[18,12],"7":[6,12],"8":[2,10]}}
,"/Users/fermi_dirac/Projects/symbolic-calculus/src/index.ts": {"path":"/Users/fermi_dirac/Projects/symbolic-calculus/src/index.ts","statementMap":{"0":{"start":{"line":239,"column":0},"end":{"line":239,"column":45}},"1":{"start":{"line":240,"column":0},"end":{"line":240,"column":41}},"2":{"start":{"line":244,"column":0},"end":{"line":248,"column":3}}},"fnMap":{},"branchMap":{},"s":{"0":5,"1":5,"2":5},"f":{},"b":{}}
}
