{"/Users/fermi_dirac/Projects/symbolic-calculus/src/EquationTree.ts": {"path":"/Users/fermi_dirac/Projects/symbolic-calculus/src/EquationTree.ts","statementMap":{"0":{"start":{"line":12,"column":4},"end":{"line":12,"column":23}},"1":{"start":{"line":13,"column":4},"end":{"line":13,"column":29}},"2":{"start":{"line":14,"column":4},"end":{"line":14,"column":31}},"3":{"start":{"line":36,"column":22},"end":{"line":36,"column":59}},"4":{"start":{"line":38,"column":4},"end":{"line":38,"column":44}},"5":{"start":{"line":43,"column":23},"end":{"line":43,"column":61}},"6":{"start":{"line":45,"column":4},"end":{"line":45,"column":45}},"7":{"start":{"line":50,"column":19},"end":{"line":50,"column":21}},"8":{"start":{"line":52,"column":4},"end":{"line":52,"column":27}},"9":{"start":{"line":54,"column":4},"end":{"line":68,"column":5}},"10":{"start":{"line":55,"column":6},"end":{"line":55,"column":22}},"11":{"start":{"line":57,"column":25},"end":{"line":57,"column":43}},"12":{"start":{"line":59,"column":6},"end":{"line":61,"column":7}},"13":{"start":{"line":60,"column":8},"end":{"line":60,"column":24}},"14":{"start":{"line":63,"column":6},"end":{"line":63,"column":39}},"15":{"start":{"line":65,"column":6},"end":{"line":67,"column":7}},"16":{"start":{"line":66,"column":8},"end":{"line":66,"column":24}},"17":{"start":{"line":70,"column":4},"end":{"line":84,"column":5}},"18":{"start":{"line":71,"column":6},"end":{"line":71,"column":22}},"19":{"start":{"line":73,"column":26},"end":{"line":73,"column":45}},"20":{"start":{"line":75,"column":6},"end":{"line":77,"column":7}},"21":{"start":{"line":76,"column":8},"end":{"line":76,"column":24}},"22":{"start":{"line":79,"column":6},"end":{"line":79,"column":40}},"23":{"start":{"line":81,"column":6},"end":{"line":83,"column":7}},"24":{"start":{"line":82,"column":8},"end":{"line":82,"column":24}},"25":{"start":{"line":86,"column":4},"end":{"line":86,"column":20}},"26":{"start":{"line":91,"column":4},"end":{"line":91,"column":53}},"27":{"start":{"line":96,"column":4},"end":{"line":96,"column":48}},"28":{"start":{"line":101,"column":4},"end":{"line":109,"column":5}},"29":{"start":{"line":102,"column":6},"end":{"line":106,"column":7}},"30":{"start":{"line":103,"column":8},"end":{"line":103,"column":20}},"31":{"start":{"line":104,"column":13},"end":{"line":106,"column":7}},"32":{"start":{"line":105,"column":8},"end":{"line":105,"column":20}},"33":{"start":{"line":108,"column":6},"end":{"line":108,"column":32}},"34":{"start":{"line":111,"column":17},"end":{"line":111,"column":49}},"35":{"start":{"line":112,"column":18},"end":{"line":112,"column":51}},"36":{"start":{"line":114,"column":4},"end":{"line":131,"column":5}},"37":{"start":{"line":116,"column":8},"end":{"line":116,"column":50}},"38":{"start":{"line":118,"column":8},"end":{"line":118,"column":50}},"39":{"start":{"line":120,"column":8},"end":{"line":120,"column":50}},"40":{"start":{"line":122,"column":8},"end":{"line":122,"column":50}},"41":{"start":{"line":124,"column":8},"end":{"line":124,"column":59}},"42":{"start":{"line":126,"column":8},"end":{"line":126,"column":41}},"43":{"start":{"line":128,"column":8},"end":{"line":128,"column":41}},"44":{"start":{"line":130,"column":8},"end":{"line":130,"column":41}},"45":{"start":{"line":136,"column":4},"end":{"line":138,"column":5}},"46":{"start":{"line":137,"column":6},"end":{"line":137,"column":27}},"47":{"start":{"line":140,"column":4},"end":{"line":142,"column":5}},"48":{"start":{"line":141,"column":6},"end":{"line":141,"column":28}},"49":{"start":{"line":144,"column":4},"end":{"line":198,"column":5}},"50":{"start":{"line":148,"column":6},"end":{"line":148,"column":54}},"51":{"start":{"line":149,"column":6},"end":{"line":149,"column":23}},"52":{"start":{"line":150,"column":6},"end":{"line":150,"column":24}},"53":{"start":{"line":152,"column":11},"end":{"line":198,"column":5}},"54":{"start":{"line":156,"column":6},"end":{"line":156,"column":54}},"55":{"start":{"line":157,"column":6},"end":{"line":157,"column":23}},"56":{"start":{"line":158,"column":6},"end":{"line":158,"column":24}},"57":{"start":{"line":159,"column":11},"end":{"line":198,"column":5}},"58":{"start":{"line":163,"column":6},"end":{"line":163,"column":54}},"59":{"start":{"line":164,"column":6},"end":{"line":164,"column":23}},"60":{"start":{"line":165,"column":6},"end":{"line":165,"column":24}},"61":{"start":{"line":166,"column":11},"end":{"line":198,"column":5}},"62":{"start":{"line":170,"column":6},"end":{"line":170,"column":54}},"63":{"start":{"line":171,"column":6},"end":{"line":171,"column":23}},"64":{"start":{"line":172,"column":6},"end":{"line":172,"column":24}},"65":{"start":{"line":173,"column":11},"end":{"line":198,"column":5}},"66":{"start":{"line":177,"column":6},"end":{"line":177,"column":63}},"67":{"start":{"line":178,"column":6},"end":{"line":178,"column":23}},"68":{"start":{"line":179,"column":6},"end":{"line":179,"column":24}},"69":{"start":{"line":180,"column":11},"end":{"line":198,"column":5}},"70":{"start":{"line":183,"column":6},"end":{"line":183,"column":45}},"71":{"start":{"line":184,"column":6},"end":{"line":184,"column":23}},"72":{"start":{"line":185,"column":6},"end":{"line":185,"column":24}},"73":{"start":{"line":186,"column":11},"end":{"line":198,"column":5}},"74":{"start":{"line":189,"column":6},"end":{"line":189,"column":45}},"75":{"start":{"line":190,"column":6},"end":{"line":190,"column":23}},"76":{"start":{"line":191,"column":6},"end":{"line":191,"column":24}},"77":{"start":{"line":192,"column":11},"end":{"line":198,"column":5}},"78":{"start":{"line":195,"column":6},"end":{"line":195,"column":45}},"79":{"start":{"line":196,"column":6},"end":{"line":196,"column":23}},"80":{"start":{"line":197,"column":6},"end":{"line":197,"column":24}},"81":{"start":{"line":18,"column":9},"end":{"line":27,"column":3}},"82":{"start":{"line":29,"column":9},"end":{"line":32,"column":3}},"83":{"start":{"line":202,"column":0},"end":{"line":202,"column":28}}},"fnMap":{"0":{"name":"(anonymous_0)","decl":{"start":{"line":7,"column":2},"end":{"line":8,"column":3}},"loc":{"start":{"line":10,"column":31},"end":{"line":15,"column":3}}},"1":{"name":"(anonymous_1)","decl":{"start":{"line":35,"column":2},"end":{"line":35,"column":7}},"loc":{"start":{"line":35,"column":31},"end":{"line":39,"column":3}}},"2":{"name":"(anonymous_2)","decl":{"start":{"line":42,"column":2},"end":{"line":42,"column":7}},"loc":{"start":{"line":42,"column":31},"end":{"line":46,"column":3}}},"3":{"name":"(anonymous_3)","decl":{"start":{"line":49,"column":2},"end":{"line":49,"column":9}},"loc":{"start":{"line":49,"column":10},"end":{"line":87,"column":3}}},"4":{"name":"(anonymous_4)","decl":{"start":{"line":90,"column":2},"end":{"line":90,"column":7}},"loc":{"start":{"line":90,"column":8},"end":{"line":92,"column":3}}},"5":{"name":"(anonymous_5)","decl":{"start":{"line":95,"column":2},"end":{"line":95,"column":7}},"loc":{"start":{"line":95,"column":28},"end":{"line":97,"column":3}}},"6":{"name":"(anonymous_6)","decl":{"start":{"line":100,"column":2},"end":{"line":100,"column":9}},"loc":{"start":{"line":100,"column":27},"end":{"line":132,"column":3}}},"7":{"name":"(anonymous_7)","decl":{"start":{"line":135,"column":2},"end":{"line":135,"column":9}},"loc":{"start":{"line":135,"column":10},"end":{"line":199,"column":3}}}},"branchMap":{"0":{"loc":{"start":{"line":13,"column":16},"end":{"line":13,"column":20}},"type":"binary-expr","locations":[{"start":{"line":13,"column":16},"end":{"line":13,"column":20}},{"start":{"line":13,"column":24},"end":{"line":13,"column":28}}]},"1":{"loc":{"start":{"line":14,"column":17},"end":{"line":14,"column":22}},"type":"binary-expr","locations":[{"start":{"line":14,"column":17},"end":{"line":14,"column":22}},{"start":{"line":14,"column":26},"end":{"line":14,"column":30}}]},"2":{"loc":{"start":{"line":54,"column":4},"end":{"line":68,"column":5}},"type":"if","locations":[{"start":{"line":54,"column":4},"end":{"line":68,"column":5}},{"start":{"line":54,"column":4},"end":{"line":68,"column":5}}]},"3":{"loc":{"start":{"line":59,"column":6},"end":{"line":61,"column":7}},"type":"if","locations":[{"start":{"line":59,"column":6},"end":{"line":61,"column":7}},{"start":{"line":59,"column":6},"end":{"line":61,"column":7}}]},"4":{"loc":{"start":{"line":65,"column":6},"end":{"line":67,"column":7}},"type":"if","locations":[{"start":{"line":65,"column":6},"end":{"line":67,"column":7}},{"start":{"line":65,"column":6},"end":{"line":67,"column":7}}]},"5":{"loc":{"start":{"line":70,"column":4},"end":{"line":84,"column":5}},"type":"if","locations":[{"start":{"line":70,"column":4},"end":{"line":84,"column":5}},{"start":{"line":70,"column":4},"end":{"line":84,"column":5}}]},"6":{"loc":{"start":{"line":75,"column":6},"end":{"line":77,"column":7}},"type":"if","locations":[{"start":{"line":75,"column":6},"end":{"line":77,"column":7}},{"start":{"line":75,"column":6},"end":{"line":77,"column":7}}]},"7":{"loc":{"start":{"line":81,"column":6},"end":{"line":83,"column":7}},"type":"if","locations":[{"start":{"line":81,"column":6},"end":{"line":83,"column":7}},{"start":{"line":81,"column":6},"end":{"line":83,"column":7}}]},"8":{"loc":{"start":{"line":91,"column":11},"end":{"line":91,"column":29}},"type":"binary-expr","locations":[{"start":{"line":91,"column":11},"end":{"line":91,"column":29}},{"start":{"line":91,"column":33},"end":{"line":91,"column":52}}]},"9":{"loc":{"start":{"line":100,"column":16},"end":{"line":100,"column":18}},"type":"default-arg","locations":[{"start":{"line":100,"column":16},"end":{"line":100,"column":18}}]},"10":{"loc":{"start":{"line":100,"column":25},"end":{"line":100,"column":27}},"type":"default-arg","locations":[{"start":{"line":100,"column":25},"end":{"line":100,"column":27}}]},"11":{"loc":{"start":{"line":101,"column":4},"end":{"line":109,"column":5}},"type":"if","locations":[{"start":{"line":101,"column":4},"end":{"line":109,"column":5}},{"start":{"line":101,"column":4},"end":{"line":109,"column":5}}]},"12":{"loc":{"start":{"line":102,"column":6},"end":{"line":106,"column":7}},"type":"if","locations":[{"start":{"line":102,"column":6},"end":{"line":106,"column":7}},{"start":{"line":102,"column":6},"end":{"line":106,"column":7}}]},"13":{"loc":{"start":{"line":104,"column":13},"end":{"line":106,"column":7}},"type":"if","locations":[{"start":{"line":104,"column":13},"end":{"line":106,"column":7}},{"start":{"line":104,"column":13},"end":{"line":106,"column":7}}]},"14":{"loc":{"start":{"line":111,"column":17},"end":{"line":111,"column":26}},"type":"binary-expr","locations":[{"start":{"line":111,"column":17},"end":{"line":111,"column":26}},{"start":{"line":111,"column":30},"end":{"line":111,"column":49}}]},"15":{"loc":{"start":{"line":112,"column":18},"end":{"line":112,"column":28}},"type":"binary-expr","locations":[{"start":{"line":112,"column":18},"end":{"line":112,"column":28}},{"start":{"line":112,"column":32},"end":{"line":112,"column":51}}]},"16":{"loc":{"start":{"line":115,"column":6},"end":{"line":116,"column":50}},"type":"switch","locations":[{"start":{"line":115,"column":6},"end":{"line":116,"column":50}},{"start":{"line":117,"column":6},"end":{"line":118,"column":50}},{"start":{"line":119,"column":6},"end":{"line":120,"column":50}},{"start":{"line":121,"column":6},"end":{"line":122,"column":50}},{"start":{"line":123,"column":6},"end":{"line":124,"column":59}},{"start":{"line":125,"column":6},"end":{"line":126,"column":41}},{"start":{"line":127,"column":6},"end":{"line":128,"column":41}},{"start":{"line":129,"column":6},"end":{"line":130,"column":41}}]},"17":{"loc":{"start":{"line":136,"column":4},"end":{"line":138,"column":5}},"type":"if","locations":[{"start":{"line":136,"column":4},"end":{"line":138,"column":5}},{"start":{"line":136,"column":4},"end":{"line":138,"column":5}}]},"18":{"loc":{"start":{"line":140,"column":4},"end":{"line":142,"column":5}},"type":"if","locations":[{"start":{"line":140,"column":4},"end":{"line":142,"column":5}},{"start":{"line":140,"column":4},"end":{"line":142,"column":5}}]},"19":{"loc":{"start":{"line":144,"column":4},"end":{"line":198,"column":5}},"type":"if","locations":[{"start":{"line":144,"column":4},"end":{"line":198,"column":5}},{"start":{"line":144,"column":4},"end":{"line":198,"column":5}}]},"20":{"loc":{"start":{"line":144,"column":8},"end":{"line":144,"column":55}},"type":"binary-expr","locations":[{"start":{"line":144,"column":8},"end":{"line":144,"column":55}},{"start":{"line":145,"column":9},"end":{"line":145,"column":18}},{"start":{"line":145,"column":22},"end":{"line":145,"column":58}},{"start":{"line":146,"column":9},"end":{"line":146,"column":19}},{"start":{"line":146,"column":23},"end":{"line":146,"column":60}}]},"21":{"loc":{"start":{"line":152,"column":11},"end":{"line":198,"column":5}},"type":"if","locations":[{"start":{"line":152,"column":11},"end":{"line":198,"column":5}},{"start":{"line":152,"column":11},"end":{"line":198,"column":5}}]},"22":{"loc":{"start":{"line":152,"column":15},"end":{"line":152,"column":60}},"type":"binary-expr","locations":[{"start":{"line":152,"column":15},"end":{"line":152,"column":60}},{"start":{"line":153,"column":9},"end":{"line":153,"column":18}},{"start":{"line":153,"column":22},"end":{"line":153,"column":58}},{"start":{"line":154,"column":9},"end":{"line":154,"column":19}},{"start":{"line":154,"column":23},"end":{"line":154,"column":60}}]},"23":{"loc":{"start":{"line":159,"column":11},"end":{"line":198,"column":5}},"type":"if","locations":[{"start":{"line":159,"column":11},"end":{"line":198,"column":5}},{"start":{"line":159,"column":11},"end":{"line":198,"column":5}}]},"24":{"loc":{"start":{"line":159,"column":15},"end":{"line":159,"column":57}},"type":"binary-expr","locations":[{"start":{"line":159,"column":15},"end":{"line":159,"column":57}},{"start":{"line":160,"column":9},"end":{"line":160,"column":18}},{"start":{"line":160,"column":22},"end":{"line":160,"column":58}},{"start":{"line":161,"column":9},"end":{"line":161,"column":19}},{"start":{"line":161,"column":23},"end":{"line":161,"column":60}}]},"25":{"loc":{"start":{"line":166,"column":11},"end":{"line":198,"column":5}},"type":"if","locations":[{"start":{"line":166,"column":11},"end":{"line":198,"column":5}},{"start":{"line":166,"column":11},"end":{"line":198,"column":5}}]},"26":{"loc":{"start":{"line":166,"column":15},"end":{"line":166,"column":62}},"type":"binary-expr","locations":[{"start":{"line":166,"column":15},"end":{"line":166,"column":62}},{"start":{"line":167,"column":9},"end":{"line":167,"column":18}},{"start":{"line":167,"column":22},"end":{"line":167,"column":58}},{"start":{"line":168,"column":9},"end":{"line":168,"column":19}},{"start":{"line":168,"column":23},"end":{"line":168,"column":60}}]},"27":{"loc":{"start":{"line":173,"column":11},"end":{"line":198,"column":5}},"type":"if","locations":[{"start":{"line":173,"column":11},"end":{"line":198,"column":5}},{"start":{"line":173,"column":11},"end":{"line":198,"column":5}}]},"28":{"loc":{"start":{"line":173,"column":15},"end":{"line":173,"column":65}},"type":"binary-expr","locations":[{"start":{"line":173,"column":15},"end":{"line":173,"column":65}},{"start":{"line":174,"column":9},"end":{"line":174,"column":18}},{"start":{"line":174,"column":22},"end":{"line":174,"column":58}},{"start":{"line":175,"column":9},"end":{"line":175,"column":19}},{"start":{"line":175,"column":23},"end":{"line":175,"column":60}}]},"29":{"loc":{"start":{"line":180,"column":11},"end":{"line":198,"column":5}},"type":"if","locations":[{"start":{"line":180,"column":11},"end":{"line":198,"column":5}},{"start":{"line":180,"column":11},"end":{"line":198,"column":5}}]},"30":{"loc":{"start":{"line":180,"column":15},"end":{"line":180,"column":57}},"type":"binary-expr","locations":[{"start":{"line":180,"column":15},"end":{"line":180,"column":57}},{"start":{"line":181,"column":9},"end":{"line":181,"column":18}},{"start":{"line":181,"column":22},"end":{"line":181,"column":58}}]},"31":{"loc":{"start":{"line":186,"column":11},"end":{"line":198,"column":5}},"type":"if","locations":[{"start":{"line":186,"column":11},"end":{"line":198,"column":5}},{"start":{"line":186,"column":11},"end":{"line":198,"column":5}}]},"32":{"loc":{"start":{"line":186,"column":15},"end":{"line":186,"column":57}},"type":"binary-expr","locations":[{"start":{"line":186,"column":15},"end":{"line":186,"column":57}},{"start":{"line":187,"column":9},"end":{"line":187,"column":18}},{"start":{"line":187,"column":22},"end":{"line":187,"column":58}}]},"33":{"loc":{"start":{"line":192,"column":11},"end":{"line":198,"column":5}},"type":"if","locations":[{"start":{"line":192,"column":11},"end":{"line":198,"column":5}},{"start":{"line":192,"column":11},"end":{"line":198,"column":5}}]},"34":{"loc":{"start":{"line":192,"column":15},"end":{"line":192,"column":57}},"type":"binary-expr","locations":[{"start":{"line":192,"column":15},"end":{"line":192,"column":57}},{"start":{"line":193,"column":9},"end":{"line":193,"column":18}},{"start":{"line":193,"column":22},"end":{"line":193,"column":58}}]}},"s":{"0":131,"1":131,"2":131,"3":87,"4":87,"5":5,"6":5,"7":93,"8":93,"9":93,"10":28,"11":28,"12":28,"13":1,"14":28,"15":28,"16":1,"17":93,"18":27,"19":27,"20":27,"21":7,"22":27,"23":27,"24":7,"25":93,"26":77,"27":17,"28":19,"29":11,"30":3,"31":8,"32":1,"33":7,"34":8,"35":8,"36":8,"37":1,"38":1,"39":1,"40":1,"41":1,"42":1,"43":1,"44":1,"45":31,"46":12,"47":31,"48":9,"49":31,"50":2,"51":2,"52":2,"53":29,"54":1,"55":1,"56":1,"57":28,"58":3,"59":3,"60":3,"61":25,"62":1,"63":1,"64":1,"65":24,"66":1,"67":1,"68":1,"69":23,"70":1,"71":1,"72":1,"73":22,"74":1,"75":1,"76":1,"77":21,"78":1,"79":1,"80":1,"81":8,"82":8,"83":8},"f":{"0":131,"1":87,"2":5,"3":93,"4":77,"5":17,"6":19,"7":31},"b":{"0":[131,85],"1":[131,93],"2":[28,65],"3":[1,27],"4":[1,27],"5":[27,66],"6":[7,20],"7":[7,20],"8":[77,59],"9":[17],"10":[18],"11":[11,8],"12":[3,8],"13":[1,7],"14":[8,0],"15":[8,3],"16":[1,1,1,1,1,1,1,1],"17":[12,19],"18":[9,22],"19":[2,29],"20":[31,3,3,3,3],"21":[1,28],"22":[29,1,1,1,1],"23":[3,25],"24":[28,3,3,3,3],"25":[1,24],"26":[25,1,1,1,1],"27":[1,23],"28":[24,1,1,1,1],"29":[1,22],"30":[23,1,1],"31":[1,21],"32":[22,1,1],"33":[1,20],"34":[21,1,1]}}
,"/Users/fermi_dirac/Projects/symbolic-calculus/src/createEquation.ts": {"path":"/Users/fermi_dirac/Projects/symbolic-calculus/src/createEquation.ts","statementMap":{"0":{"start":{"line":1,"column":0},"end":{"line":1,"column":41}},"1":{"start":{"line":6,"column":2},"end":{"line":6,"column":41}},"2":{"start":{"line":8,"column":2},"end":{"line":10,"column":3}},"3":{"start":{"line":9,"column":4},"end":{"line":9,"column":76}},"4":{"start":{"line":12,"column":22},"end":{"line":12,"column":26}},"5":{"start":{"line":13,"column":10},"end":{"line":13,"column":11}},"6":{"start":{"line":15,"column":2},"end":{"line":42,"column":3}},"7":{"start":{"line":16,"column":15},"end":{"line":16,"column":32}},"8":{"start":{"line":18,"column":4},"end":{"line":39,"column":5}},"9":{"start":{"line":19,"column":6},"end":{"line":19,"column":29}},"10":{"start":{"line":20,"column":11},"end":{"line":39,"column":5}},"11":{"start":{"line":21,"column":23},"end":{"line":21,"column":24}},"12":{"start":{"line":22,"column":6},"end":{"line":22,"column":51}},"13":{"start":{"line":24,"column":6},"end":{"line":35,"column":7}},"14":{"start":{"line":25,"column":8},"end":{"line":25,"column":15}},"15":{"start":{"line":26,"column":8},"end":{"line":26,"column":33}},"16":{"start":{"line":28,"column":8},"end":{"line":32,"column":9}},"17":{"start":{"line":29,"column":10},"end":{"line":29,"column":26}},"18":{"start":{"line":30,"column":15},"end":{"line":32,"column":9}},"19":{"start":{"line":31,"column":10},"end":{"line":31,"column":26}},"20":{"start":{"line":34,"column":8},"end":{"line":34,"column":56}},"21":{"start":{"line":38,"column":6},"end":{"line":38,"column":54}},"22":{"start":{"line":41,"column":4},"end":{"line":41,"column":11}},"23":{"start":{"line":44,"column":2},"end":{"line":65,"column":3}},"24":{"start":{"line":45,"column":18},"end":{"line":45,"column":34}},"25":{"start":{"line":47,"column":4},"end":{"line":49,"column":5}},"26":{"start":{"line":48,"column":6},"end":{"line":48,"column":37}},"27":{"start":{"line":51,"column":4},"end":{"line":51,"column":47}},"28":{"start":{"line":53,"column":9},"end":{"line":65,"column":3}},"29":{"start":{"line":54,"column":4},"end":{"line":57,"column":6}},"30":{"start":{"line":60,"column":4},"end":{"line":64,"column":6}},"31":{"start":{"line":68,"column":0},"end":{"line":68,"column":30}}},"fnMap":{"0":{"name":"createEquation","decl":{"start":{"line":5,"column":9},"end":{"line":5,"column":23}},"loc":{"start":{"line":5,"column":46},"end":{"line":66,"column":1}}}},"branchMap":{"0":{"loc":{"start":{"line":8,"column":2},"end":{"line":10,"column":3}},"type":"if","locations":[{"start":{"line":8,"column":2},"end":{"line":10,"column":3}},{"start":{"line":8,"column":2},"end":{"line":10,"column":3}}]},"1":{"loc":{"start":{"line":18,"column":4},"end":{"line":39,"column":5}},"type":"if","locations":[{"start":{"line":18,"column":4},"end":{"line":39,"column":5}},{"start":{"line":18,"column":4},"end":{"line":39,"column":5}}]},"2":{"loc":{"start":{"line":20,"column":11},"end":{"line":39,"column":5}},"type":"if","locations":[{"start":{"line":20,"column":11},"end":{"line":39,"column":5}},{"start":{"line":20,"column":11},"end":{"line":39,"column":5}}]},"3":{"loc":{"start":{"line":24,"column":13},"end":{"line":24,"column":38}},"type":"binary-expr","locations":[{"start":{"line":24,"column":13},"end":{"line":24,"column":38}},{"start":{"line":24,"column":42},"end":{"line":24,"column":56}}]},"4":{"loc":{"start":{"line":28,"column":8},"end":{"line":32,"column":9}},"type":"if","locations":[{"start":{"line":28,"column":8},"end":{"line":32,"column":9}},{"start":{"line":28,"column":8},"end":{"line":32,"column":9}}]},"5":{"loc":{"start":{"line":30,"column":15},"end":{"line":32,"column":9}},"type":"if","locations":[{"start":{"line":30,"column":15},"end":{"line":32,"column":9}},{"start":{"line":30,"column":15},"end":{"line":32,"column":9}}]},"6":{"loc":{"start":{"line":44,"column":2},"end":{"line":65,"column":3}},"type":"if","locations":[{"start":{"line":44,"column":2},"end":{"line":65,"column":3}},{"start":{"line":44,"column":2},"end":{"line":65,"column":3}}]},"7":{"loc":{"start":{"line":47,"column":4},"end":{"line":49,"column":5}},"type":"if","locations":[{"start":{"line":47,"column":4},"end":{"line":49,"column":5}},{"start":{"line":47,"column":4},"end":{"line":49,"column":5}}]},"8":{"loc":{"start":{"line":53,"column":9},"end":{"line":65,"column":3}},"type":"if","locations":[{"start":{"line":53,"column":9},"end":{"line":65,"column":3}},{"start":{"line":53,"column":9},"end":{"line":65,"column":3}}]}},"s":{"0":8,"1":128,"2":128,"3":16,"4":128,"5":128,"6":128,"7":346,"8":346,"9":84,"10":262,"11":12,"12":12,"13":12,"14":90,"15":90,"16":90,"17":3,"18":87,"19":15,"20":90,"21":250,"22":346,"23":128,"24":82,"25":82,"26":22,"27":60,"28":46,"29":8,"30":38,"31":8},"f":{"0":128},"b":{"0":[16,112],"1":[84,262],"2":[12,250],"3":[102,102],"4":[3,87],"5":[15,72],"6":[82,46],"7":[22,60],"8":[8,38]}}
,"/Users/fermi_dirac/Projects/symbolic-calculus/src/index.ts": {"path":"/Users/fermi_dirac/Projects/symbolic-calculus/src/index.ts","statementMap":{"0":{"start":{"line":1,"column":0},"end":{"line":1,"column":45}},"1":{"start":{"line":2,"column":0},"end":{"line":2,"column":41}},"2":{"start":{"line":4,"column":0},"end":{"line":8,"column":3}}},"fnMap":{},"branchMap":{},"s":{"0":8,"1":8,"2":8},"f":{},"b":{}}
}
