TN:
SF:/Users/fermi_dirac/Projects/symbolic-calculus/src/EquationTree.ts
FN:7,(anonymous_0)
FN:35,(anonymous_1)
FN:42,(anonymous_2)
FN:49,(anonymous_3)
FN:90,(anonymous_4)
FN:95,(anonymous_5)
FN:100,(anonymous_6)
FN:135,(anonymous_7)
FNF:8
FNH:8
FNDA:92,(anonymous_0)
FNDA:60,(anonymous_1)
FNDA:5,(anonymous_2)
FNDA:71,(anonymous_3)
FNDA:73,(anonymous_4)
FNDA:8,(anonymous_5)
FNDA:19,(anonymous_6)
FNDA:3,(anonymous_7)
DA:12,92
DA:13,92
DA:14,92
DA:18,8
DA:29,8
DA:36,60
DA:38,60
DA:43,5
DA:45,5
DA:50,71
DA:52,71
DA:54,71
DA:55,26
DA:57,26
DA:59,26
DA:60,1
DA:63,26
DA:65,26
DA:66,1
DA:70,71
DA:71,25
DA:73,25
DA:75,25
DA:76,7
DA:79,25
DA:81,25
DA:82,7
DA:86,71
DA:91,73
DA:96,8
DA:101,19
DA:102,11
DA:103,3
DA:104,8
DA:105,1
DA:108,7
DA:111,8
DA:112,8
DA:114,8
DA:116,1
DA:118,1
DA:120,1
DA:122,1
DA:124,1
DA:126,1
DA:128,1
DA:130,1
DA:136,3
DA:137,1
DA:140,3
DA:141,1
DA:144,3
DA:148,0
DA:149,0
DA:150,0
DA:152,3
DA:156,0
DA:157,0
DA:158,0
DA:159,3
DA:163,1
DA:164,1
DA:165,1
DA:166,2
DA:170,0
DA:171,0
DA:172,0
DA:177,8
LF:68
LH:59
BRDA:13,0,0,92
BRDA:13,0,1,58
BRDA:14,1,0,92
BRDA:14,1,1,63
BRDA:54,2,0,26
BRDA:54,2,1,45
BRDA:59,3,0,1
BRDA:59,3,1,25
BRDA:65,4,0,1
BRDA:65,4,1,25
BRDA:70,5,0,25
BRDA:70,5,1,46
BRDA:75,6,0,7
BRDA:75,6,1,18
BRDA:81,7,0,7
BRDA:81,7,1,18
BRDA:91,8,0,73
BRDA:91,8,1,55
BRDA:100,9,0,17
BRDA:100,10,0,18
BRDA:101,11,0,11
BRDA:101,11,1,8
BRDA:102,12,0,3
BRDA:102,12,1,8
BRDA:104,13,0,1
BRDA:104,13,1,7
BRDA:111,14,0,8
BRDA:111,14,1,0
BRDA:112,15,0,8
BRDA:112,15,1,3
BRDA:115,16,0,1
BRDA:115,16,1,1
BRDA:115,16,2,1
BRDA:115,16,3,1
BRDA:115,16,4,1
BRDA:115,16,5,1
BRDA:115,16,6,1
BRDA:115,16,7,1
BRDA:136,17,0,1
BRDA:136,17,1,2
BRDA:140,18,0,1
BRDA:140,18,1,2
BRDA:144,19,0,0
BRDA:144,19,1,3
BRDA:144,20,0,3
BRDA:144,20,1,0
BRDA:144,20,2,0
BRDA:144,20,3,0
BRDA:144,20,4,0
BRDA:152,21,0,0
BRDA:152,21,1,3
BRDA:152,22,0,3
BRDA:152,22,1,0
BRDA:152,22,2,0
BRDA:152,22,3,0
BRDA:152,22,4,0
BRDA:159,23,0,1
BRDA:159,23,1,2
BRDA:159,24,0,3
BRDA:159,24,1,1
BRDA:159,24,2,1
BRDA:159,24,3,1
BRDA:159,24,4,1
BRDA:166,25,0,0
BRDA:166,25,1,2
BRDA:166,26,0,2
BRDA:166,26,1,0
BRDA:166,26,2,0
BRDA:166,26,3,0
BRDA:166,26,4,0
BRF:70
BRH:54
end_of_record
TN:
SF:/Users/fermi_dirac/Projects/symbolic-calculus/src/createEquation.ts
FN:5,createEquation
FNF:1
FNH:1
FNDA:89,createEquation
DA:1,8
DA:6,89
DA:8,89
DA:9,14
DA:12,89
DA:13,89
DA:15,89
DA:16,253
DA:18,253
DA:19,63
DA:20,190
DA:21,10
DA:22,10
DA:24,10
DA:25,78
DA:26,78
DA:28,78
DA:29,3
DA:30,75
DA:31,13
DA:34,78
DA:38,180
DA:41,253
DA:44,89
DA:45,55
DA:47,55
DA:48,20
DA:51,35
DA:53,34
DA:54,5
DA:60,29
DA:68,8
LF:32
LH:32
BRDA:8,0,0,14
BRDA:8,0,1,75
BRDA:18,1,0,63
BRDA:18,1,1,190
BRDA:20,2,0,10
BRDA:20,2,1,180
BRDA:24,3,0,88
BRDA:24,3,1,88
BRDA:28,4,0,3
BRDA:28,4,1,75
BRDA:30,5,0,13
BRDA:30,5,1,62
BRDA:44,6,0,55
BRDA:44,6,1,34
BRDA:47,7,0,20
BRDA:47,7,1,35
BRDA:53,8,0,5
BRDA:53,8,1,29
BRF:18
BRH:18
end_of_record
TN:
SF:/Users/fermi_dirac/Projects/symbolic-calculus/src/index.ts
FNF:0
FNH:0
DA:1,8
DA:2,8
DA:4,8
LF:3
LH:3
BRF:0
BRH:0
end_of_record
