TN:
SF:/Users/fermi_dirac/Projects/symbolic-calculus/src/EquationTree.ts
FN:7,(anonymous_0)
FN:35,(anonymous_1)
FN:42,(anonymous_2)
FN:49,(anonymous_3)
FN:90,(anonymous_4)
FN:95,(anonymous_5)
FN:100,(anonymous_6)
FNF:7
FNH:7
FNDA:88,(anonymous_0)
FNDA:57,(anonymous_1)
FNDA:5,(anonymous_2)
FNDA:69,(anonymous_3)
FNDA:73,(anonymous_4)
FNDA:7,(anonymous_5)
FNDA:19,(anonymous_6)
DA:12,88
DA:13,88
DA:14,88
DA:18,7
DA:29,7
DA:36,57
DA:38,57
DA:43,5
DA:45,5
DA:50,69
DA:52,69
DA:54,69
DA:55,26
DA:57,26
DA:59,26
DA:60,1
DA:63,26
DA:65,26
DA:66,1
DA:70,69
DA:71,25
DA:73,25
DA:75,25
DA:76,7
DA:79,25
DA:81,25
DA:82,7
DA:86,69
DA:91,73
DA:96,7
DA:101,19
DA:102,11
DA:103,3
DA:104,8
DA:105,1
DA:108,7
DA:111,8
DA:112,8
DA:114,8
DA:116,1
DA:118,1
DA:120,1
DA:122,1
DA:124,1
DA:126,1
DA:128,1
DA:130,1
DA:135,7
LF:48
LH:48
BRDA:13,0,0,88
BRDA:13,0,1,55
BRDA:14,1,0,88
BRDA:14,1,1,60
BRDA:54,2,0,26
BRDA:54,2,1,43
BRDA:59,3,0,1
BRDA:59,3,1,25
BRDA:65,4,0,1
BRDA:65,4,1,25
BRDA:70,5,0,25
BRDA:70,5,1,44
BRDA:75,6,0,7
BRDA:75,6,1,18
BRDA:81,7,0,7
BRDA:81,7,1,18
BRDA:91,8,0,73
BRDA:91,8,1,55
BRDA:100,9,0,17
BRDA:100,10,0,18
BRDA:101,11,0,11
BRDA:101,11,1,8
BRDA:102,12,0,3
BRDA:102,12,1,8
BRDA:104,13,0,1
BRDA:104,13,1,7
BRDA:111,14,0,8
BRDA:111,14,1,0
BRDA:112,15,0,8
BRDA:112,15,1,3
BRDA:115,16,0,1
BRDA:115,16,1,1
BRDA:115,16,2,1
BRDA:115,16,3,1
BRDA:115,16,4,1
BRDA:115,16,5,1
BRDA:115,16,6,1
BRDA:115,16,7,1
BRF:38
BRH:37
end_of_record
TN:
SF:/Users/fermi_dirac/Projects/symbolic-calculus/src/createEquation.ts
FN:5,createEquation
FNF:1
FNH:1
FNDA:85,createEquation
DA:1,7
DA:6,85
DA:8,85
DA:9,14
DA:12,85
DA:13,85
DA:15,85
DA:16,245
DA:18,245
DA:19,61
DA:20,184
DA:21,10
DA:22,10
DA:24,10
DA:25,78
DA:26,78
DA:28,78
DA:29,3
DA:30,75
DA:31,13
DA:34,78
DA:38,174
DA:41,245
DA:44,85
DA:45,52
DA:47,52
DA:48,20
DA:51,32
DA:53,33
DA:54,5
DA:60,28
DA:68,7
LF:32
LH:32
BRDA:8,0,0,14
BRDA:8,0,1,71
BRDA:18,1,0,61
BRDA:18,1,1,184
BRDA:20,2,0,10
BRDA:20,2,1,174
BRDA:24,3,0,88
BRDA:24,3,1,88
BRDA:28,4,0,3
BRDA:28,4,1,75
BRDA:30,5,0,13
BRDA:30,5,1,62
BRDA:44,6,0,52
BRDA:44,6,1,33
BRDA:47,7,0,20
BRDA:47,7,1,32
BRDA:53,8,0,5
BRDA:53,8,1,28
BRF:18
BRH:18
end_of_record
TN:
SF:/Users/fermi_dirac/Projects/symbolic-calculus/src/index.ts
FNF:0
FNH:0
DA:40,7
DA:41,7
DA:45,7
LF:3
LH:3
BRF:0
BRH:0
end_of_record
